<html>
<head>
<title>TestNG:  Default test</title>
<link href="../testng.css" rel="stylesheet" type="text/css" />
<link href="../my-testng.css" rel="stylesheet" type="text/css" />

<style type="text/css">
.log { display: none;} 
.stack-trace { display: none;} 
</style>
<script type="text/javascript">
<!--
function flip(e) {
  current = e.style.display;
  if (current == 'block') {
    e.style.display = 'none';
    return 0;
  }
  else {
    e.style.display = 'block';
    return 1;
  }
}

function toggleBox(szDivId, elem, msg1, msg2)
{
  var res = -1;  if (document.getElementById) {
    res = flip(document.getElementById(szDivId));
  }
  else if (document.all) {
    // this is the way old msie versions work
    res = flip(document.all[szDivId]);
  }
  if(elem) {
    if(res == 0) elem.innerHTML = msg1; else elem.innerHTML = msg2;
  }

}

function toggleAllBoxes() {
  if (document.getElementsByTagName) {
    d = document.getElementsByTagName('div');
    for (i = 0; i < d.length; i++) {
      if (d[i].className == 'log') {
        flip(d[i]);
      }
    }
  }
}

// -->
</script>

</head>
<body>
<h2 align='center'>Default test</h2><table border='1' align="center">
<tr>
<td>Tests passed/Failed/Skipped:</td><td>8/2/0</td>
</tr><tr>
<td>Started on:</td><td>Fri Sep 05 21:55:40 IST 2025</td>
</tr>
<tr><td>Total time:</td><td>486 seconds (486885 ms)</td>
</tr><tr>
<td>Included groups:</td><td></td>
</tr><tr>
<td>Excluded groups:</td><td></td>
</tr>
</table><p/>
<small><i>(Hover the method name to see the test class name)</i></small><p/>
<table width='100%' border='1' class='invocation-failed'>
<tr><td colspan='4' align='center'><b>FAILED TESTS</b></td></tr>
<tr><td><b>Test method</b></td>
<td><b>Attribute(s)</b></td>
<td width="30%"><b>Exception</b></td>
<td width="10%"><b>Time (seconds)</b></td>
<td><b>Instance</b></td>
</tr>
<tr>
<td title='runners.CucumberTestRunner.runScenario()'><b>runScenario</b><br>Test class: runners.CucumberTestRunner<br>Test method: Runs Cucumber Scenarios<br>Parameters: "Invalid Payment Details", "E-commerce Book Purchase Flow"</td>
<td><div><pre>org.openqa.selenium.NoSuchElementException: Proceed to checkout button not found on cart / overlay / PDP.
For documentation on this error, please visit: https://www.selenium.dev/documentation/webdriver/troubleshooting/errors#no-such-element-exception
Build info: version: &apos;4.23.1&apos;, revision: &apos;656257d8e9&apos;
System info: os.name: &apos;Windows 10&apos;, os.arch: &apos;amd64&apos;, os.version: &apos;10.0&apos;, java.version: &apos;21.0.7&apos;
Driver info: driver.version: unknown
	at pages.CheckoutPage.clickProceedToCheckout(CheckoutPage.java:78)
	at stepDefinitions.BookPurchaseSteps.i_proceed_to_checkout(BookPurchaseSteps.java:165)
	at ✽.I proceed to checkout(file:///D:/maven%20practice/AmazonSearchAutomation/amazon-search-automation/src/test/resources/features/Flow.feature:36)
</pre></div><a href='#' onClick='toggleBox("stack-trace1681886910", this, "Click to show all stack frames", "Click to hide stack frames")'>Click to show all stack frames</a>
<div class='stack-trace' id='stack-trace1681886910'><pre>org.openqa.selenium.NoSuchElementException: Proceed to checkout button not found on cart / overlay / PDP.
For documentation on this error, please visit: https://www.selenium.dev/documentation/webdriver/troubleshooting/errors#no-such-element-exception
Build info: version: &apos;4.23.1&apos;, revision: &apos;656257d8e9&apos;
System info: os.name: &apos;Windows 10&apos;, os.arch: &apos;amd64&apos;, os.version: &apos;10.0&apos;, java.version: &apos;21.0.7&apos;
Driver info: driver.version: unknown
	at pages.CheckoutPage.clickProceedToCheckout(CheckoutPage.java:78)
	at stepDefinitions.BookPurchaseSteps.i_proceed_to_checkout(BookPurchaseSteps.java:165)
	at ✽.I proceed to checkout(file:///D:/maven%20practice/AmazonSearchAutomation/amazon-search-automation/src/test/resources/features/Flow.feature:36)
</pre></div></td>
<td>234</td>
<td>runners.CucumberTestRunner@60f7cc1d</td></tr>
<tr>
<td title='runners.CucumberTestRunner.runScenario()'><b>runScenario</b><br>Test class: runners.CucumberTestRunner<br>Test method: Runs Cucumber Scenarios<br>Parameters: "Successful Book Purchase (Positive Flow)", "E-commerce Book Purchase Flow"</td>
<td><div><pre>java.lang.AssertionError: Add to cart button not found on PDP.
	at org.testng.Assert.fail(Assert.java:111)
	at stepDefinitions.BookPurchaseSteps.i_add_the_book_to_cart(BookPurchaseSteps.java:116)
	at ✽.I add the book to cart(file:///D:/maven%20practice/AmazonSearchAutomation/amazon-search-automation/src/test/resources/features/Flow.feature:9)
</pre></div><a href='#' onClick='toggleBox("stack-trace225137455", this, "Click to show all stack frames", "Click to hide stack frames")'>Click to show all stack frames</a>
<div class='stack-trace' id='stack-trace225137455'><pre>java.lang.AssertionError: Add to cart button not found on PDP.
	at org.testng.Assert.fail(Assert.java:111)
	at stepDefinitions.BookPurchaseSteps.i_add_the_book_to_cart(BookPurchaseSteps.java:116)
	at ✽.I add the book to cart(file:///D:/maven%20practice/AmazonSearchAutomation/amazon-search-automation/src/test/resources/features/Flow.feature:9)
</pre></div></td>
<td>30</td>
<td>runners.CucumberTestRunner@60f7cc1d</td></tr>
</table><p>
<table width='100%' border='1' class='invocation-passed'>
<tr><td colspan='4' align='center'><b>PASSED TESTS</b></td></tr>
<tr><td><b>Test method</b></td>
<td><b>Attribute(s)</b></td>
<td width="30%"><b>Exception</b></td>
<td width="10%"><b>Time (seconds)</b></td>
<td><b>Instance</b></td>
</tr>
<tr>
<td title='runners.CucumberTestRunner.runScenario()'><b>runScenario</b><br>Test class: runners.CucumberTestRunner<br>Test method: Runs Cucumber Scenarios<br>Parameters: "Empty Mandatory Fields During Registration", "E-commerce Book Purchase Flow"</td>
<td></td>
<td>21</td>
<td>runners.CucumberTestRunner@60f7cc1d</td></tr>
<tr>
<td title='runners.CucumberTestRunner.runScenario()'><b>runScenario</b><br>Test class: runners.CucumberTestRunner<br>Test method: Runs Cucumber Scenarios<br>Parameters: "Verify session persistence while browsing", "Login Page Validation"</td>
<td></td>
<td>27</td>
<td>runners.CucumberTestRunner@60f7cc1d</td></tr>
<tr>
<td title='runners.CucumberTestRunner.runScenario()'><b>runScenario</b><br>Test class: runners.CucumberTestRunner<br>Test method: Runs Cucumber Scenarios<br>Parameters: "Login with invalid email and password", "Login Page Validation"</td>
<td></td>
<td>23</td>
<td>runners.CucumberTestRunner@60f7cc1d</td></tr>
<tr>
<td title='runners.CucumberTestRunner.runScenario()'><b>runScenario</b><br>Test class: runners.CucumberTestRunner<br>Test method: Runs Cucumber Scenarios<br>Parameters: "Register with blank details", "User Registration"</td>
<td></td>
<td>21</td>
<td>runners.CucumberTestRunner@60f7cc1d</td></tr>
<tr>
<td title='runners.CucumberTestRunner.runScenario()'><b>runScenario</b><br>Test class: runners.CucumberTestRunner<br>Test method: Runs Cucumber Scenarios<br>Parameters: "Login with locked account", "Login Page Validation"</td>
<td></td>
<td>22</td>
<td>runners.CucumberTestRunner@60f7cc1d</td></tr>
<tr>
<td title='runners.CucumberTestRunner.runScenario()'><b>runScenario</b><br>Test class: runners.CucumberTestRunner<br>Test method: Runs Cucumber Scenarios<br>Parameters: "Invalid Login (Negative Flow)", "E-commerce Book Purchase Flow"</td>
<td></td>
<td>54</td>
<td>runners.CucumberTestRunner@60f7cc1d</td></tr>
<tr>
<td title='runners.CucumberTestRunner.runScenario()'><b>runScenario</b><br>Test class: runners.CucumberTestRunner<br>Test method: Runs Cucumber Scenarios<br>Parameters: "Login with valid email and password", "Login Page Validation"</td>
<td></td>
<td>18</td>
<td>runners.CucumberTestRunner@60f7cc1d</td></tr>
<tr>
<td title='runners.CucumberTestRunner.runScenario()'><b>runScenario</b><br>Test class: runners.CucumberTestRunner<br>Test method: Runs Cucumber Scenarios<br>Parameters: "Login with blank fields", "Login Page Validation"</td>
<td></td>
<td>26</td>
<td>runners.CucumberTestRunner@60f7cc1d</td></tr>
</table><p>
</body>
</html>