<?xml version="1.0" encoding="UTF-8"?>
<!-- Generated by org.testng.reporters.JUnitXMLReporter -->
<testsuite ignored="0" hostname="DESKTOP-UMN6L1B" failures="1" tests="8" name="Cucumber Features" time="280.99" errors="0" timestamp="2025-09-05T23:40:20 IST">
  <testcase classname="io.cucumber.testng.AbstractTestNGCucumberTests" name="runScenario" time="63.715">
    <failure type="java.lang.AssertionError" message="Add to cart button not found on PDP.">
      <![CDATA[java.lang.AssertionError: Add to cart button not found on PDP.
at stepDefinitions.BookPurchaseSteps.i_add_the_book_to_cart(BookPurchaseSteps.java:116)
at âœ½.I add the book to cart(file:///D:/maven%20practice/AmazonSearchAutomation/amazon-search-automation/src/test/resources/features/Flow.feature:9)
... Removed 1 stack frames]]>
    </failure>
  </testcase> <!-- runScenario -->
  <testcase classname="io.cucumber.testng.AbstractTestNGCucumberTests" name="runScenario" time="54.795"/>
  <testcase classname="io.cucumber.testng.AbstractTestNGCucumberTests" name="runScenario" time="19.229"/>
  <testcase classname="io.cucumber.testng.AbstractTestNGCucumberTests" name="runScenario" time="29.14"/>
  <testcase classname="io.cucumber.testng.AbstractTestNGCucumberTests" name="runScenario" time="26.299"/>
  <testcase classname="io.cucumber.testng.AbstractTestNGCucumberTests" name="runScenario" time="40.853"/>
  <testcase classname="io.cucumber.testng.AbstractTestNGCucumberTests" name="runScenario" time="23.451"/>
  <testcase classname="io.cucumber.testng.AbstractTestNGCucumberTests" name="runScenario" time="19.541"/>
</testsuite> <!-- Cucumber Features -->
