<html>
<head>
<title>TestNG:  Cucumber Features</title>
<link href="../testng.css" rel="stylesheet" type="text/css" />
<link href="../my-testng.css" rel="stylesheet" type="text/css" />

<style type="text/css">
.log { display: none;} 
.stack-trace { display: none;} 
</style>
<script type="text/javascript">
<!--
function flip(e) {
  current = e.style.display;
  if (current == 'block') {
    e.style.display = 'none';
    return 0;
  }
  else {
    e.style.display = 'block';
    return 1;
  }
}

function toggleBox(szDivId, elem, msg1, msg2)
{
  var res = -1;  if (document.getElementById) {
    res = flip(document.getElementById(szDivId));
  }
  else if (document.all) {
    // this is the way old msie versions work
    res = flip(document.all[szDivId]);
  }
  if(elem) {
    if(res == 0) elem.innerHTML = msg1; else elem.innerHTML = msg2;
  }

}

function toggleAllBoxes() {
  if (document.getElementsByTagName) {
    d = document.getElementsByTagName('div');
    for (i = 0; i < d.length; i++) {
      if (d[i].className == 'log') {
        flip(d[i]);
      }
    }
  }
}

// -->
</script>

</head>
<body>
<h2 align='center'>Cucumber Features</h2><table border='1' align="center">
<tr>
<td>Tests passed/Failed/Skipped:</td><td>7/1/0</td>
</tr><tr>
<td>Started on:</td><td>Fri Sep 05 23:35:39 IST 2025</td>
</tr>
<tr><td>Total time:</td><td>280 seconds (280990 ms)</td>
</tr><tr>
<td>Included groups:</td><td></td>
</tr><tr>
<td>Excluded groups:</td><td></td>
</tr>
</table><p/>
<small><i>(Hover the method name to see the test class name)</i></small><p/>
<table width='100%' border='1' class='invocation-failed'>
<tr><td colspan='4' align='center'><b>FAILED TESTS</b></td></tr>
<tr><td><b>Test method</b></td>
<td><b>Attribute(s)</b></td>
<td width="30%"><b>Exception</b></td>
<td width="10%"><b>Time (seconds)</b></td>
<td><b>Instance</b></td>
</tr>
<tr>
<td title='runners.CucumberTestRunner.runScenario()'><b>runScenario</b><br>Test class: runners.CucumberTestRunner<br>Test method: Runs Cucumber Scenarios<br>Parameters: "Successful Book Purchase (Positive Flow)", "E-commerce Book Purchase Flow (Reduced)"</td>
<td><div><pre>java.lang.AssertionError: Add to cart button not found on PDP.
	at stepDefinitions.BookPurchaseSteps.i_add_the_book_to_cart(BookPurchaseSteps.java:116)
	at ?.I add the book to cart(file:///D:/maven%20practice/AmazonSearchAutomation/amazon-search-automation/src/test/resources/features/Flow.feature:9)
... Removed 1 stack frames</pre></div><a href='#' onClick='toggleBox("stack-trace499119900", this, "Click to show all stack frames", "Click to hide stack frames")'>Click to show all stack frames</a>
<div class='stack-trace' id='stack-trace499119900'><pre>java.lang.AssertionError: Add to cart button not found on PDP.
	at org.testng.Assert.fail(Assert.java:111)
	at stepDefinitions.BookPurchaseSteps.i_add_the_book_to_cart(BookPurchaseSteps.java:116)
	at ?.I add the book to cart(file:///D:/maven%20practice/AmazonSearchAutomation/amazon-search-automation/src/test/resources/features/Flow.feature:9)
</pre></div></td>
<td>63</td>
<td>runners.CucumberTestRunner@54d18072</td></tr>
</table><p>
<table width='100%' border='1' class='invocation-passed'>
<tr><td colspan='4' align='center'><b>PASSED TESTS</b></td></tr>
<tr><td><b>Test method</b></td>
<td><b>Attribute(s)</b></td>
<td width="30%"><b>Exception</b></td>
<td width="10%"><b>Time (seconds)</b></td>
<td><b>Instance</b></td>
</tr>
<tr>
<td title='runners.CucumberTestRunner.runScenario()'><b>runScenario</b><br>Test class: runners.CucumberTestRunner<br>Test method: Runs Cucumber Scenarios<br>Parameters: "Login with locked account", "Login Page Validation"</td>
<td></td>
<td>23</td>
<td>runners.CucumberTestRunner@54d18072</td></tr>
<tr>
<td title='runners.CucumberTestRunner.runScenario()'><b>runScenario</b><br>Test class: runners.CucumberTestRunner<br>Test method: Runs Cucumber Scenarios<br>Parameters: "Login with blank fields", "Login Page Validation"</td>
<td></td>
<td>26</td>
<td>runners.CucumberTestRunner@54d18072</td></tr>
<tr>
<td title='runners.CucumberTestRunner.runScenario()'><b>runScenario</b><br>Test class: runners.CucumberTestRunner<br>Test method: Runs Cucumber Scenarios<br>Parameters: "Register with blank details", "User Registration"</td>
<td></td>
<td>19</td>
<td>runners.CucumberTestRunner@54d18072</td></tr>
<tr>
<td title='runners.CucumberTestRunner.runScenario()'><b>runScenario</b><br>Test class: runners.CucumberTestRunner<br>Test method: Runs Cucumber Scenarios<br>Parameters: "Login with valid email and password", "Login Page Validation"</td>
<td></td>
<td>19</td>
<td>runners.CucumberTestRunner@54d18072</td></tr>
<tr>
<td title='runners.CucumberTestRunner.runScenario()'><b>runScenario</b><br>Test class: runners.CucumberTestRunner<br>Test method: Runs Cucumber Scenarios<br>Parameters: "Verify session persistence while browsing", "Login Page Validation"</td>
<td></td>
<td>29</td>
<td>runners.CucumberTestRunner@54d18072</td></tr>
<tr>
<td title='runners.CucumberTestRunner.runScenario()'><b>runScenario</b><br>Test class: runners.CucumberTestRunner<br>Test method: Runs Cucumber Scenarios<br>Parameters: "Login with invalid email and password", "Login Page Validation"</td>
<td></td>
<td>40</td>
<td>runners.CucumberTestRunner@54d18072</td></tr>
<tr>
<td title='runners.CucumberTestRunner.runScenario()'><b>runScenario</b><br>Test class: runners.CucumberTestRunner<br>Test method: Runs Cucumber Scenarios<br>Parameters: "Invalid Login (Negative Flow)", "E-commerce Book Purchase Flow (Reduced)"</td>
<td></td>
<td>54</td>
<td>runners.CucumberTestRunner@54d18072</td></tr>
</table><p>
</body>
</html>