<html>
<head>
<title>TestNG:  Cucumber Features</title>
<link href="../testng.css" rel="stylesheet" type="text/css" />
<link href="../my-testng.css" rel="stylesheet" type="text/css" />

<style type="text/css">
.log { display: none;} 
.stack-trace { display: none;} 
</style>
<script type="text/javascript">
<!--
function flip(e) {
  current = e.style.display;
  if (current == 'block') {
    e.style.display = 'none';
    return 0;
  }
  else {
    e.style.display = 'block';
    return 1;
  }
}

function toggleBox(szDivId, elem, msg1, msg2)
{
  var res = -1;  if (document.getElementById) {
    res = flip(document.getElementById(szDivId));
  }
  else if (document.all) {
    // this is the way old msie versions work
    res = flip(document.all[szDivId]);
  }
  if(elem) {
    if(res == 0) elem.innerHTML = msg1; else elem.innerHTML = msg2;
  }

}

function toggleAllBoxes() {
  if (document.getElementsByTagName) {
    d = document.getElementsByTagName('div');
    for (i = 0; i < d.length; i++) {
      if (d[i].className == 'log') {
        flip(d[i]);
      }
    }
  }
}

// -->
</script>

</head>
<body>
<h2 align='center'>Cucumber Features</h2><table border='1' align="center">
<tr>
<td>Tests passed/Failed/Skipped:</td><td>13/1/0</td>
</tr><tr>
<td>Started on:</td><td>Sun Sep 07 13:29:16 IST 2025</td>
</tr>
<tr><td>Total time:</td><td>346 seconds (346384 ms)</td>
</tr><tr>
<td>Included groups:</td><td></td>
</tr><tr>
<td>Excluded groups:</td><td></td>
</tr>
</table><p/>
<small><i>(Hover the method name to see the test class name)</i></small><p/>
<table width='100%' border='1' class='invocation-failed'>
<tr><td colspan='4' align='center'><b>FAILED TESTS</b></td></tr>
<tr><td><b>Test method</b></td>
<td><b>Attribute(s)</b></td>
<td width="30%"><b>Exception</b></td>
<td width="10%"><b>Time (seconds)</b></td>
<td><b>Instance</b></td>
</tr>
<tr>
<td title='runners.CucumberTestRunner.runScenario()'><b>runScenario</b><br>Test class: runners.CucumberTestRunner<br>Test method: Runs Cucumber Scenarios<br>Parameters: "Search within Electronics department", "Amazon Product Search"</td>
<td><div><pre>org.openqa.selenium.TimeoutException: Expected condition failed: waiting for element to be clickable: By.id: twotabsearchtextbox (tried for 10 second(s) with 500 milliseconds interval)
Build info: version: &apos;4.23.1&apos;, revision: &apos;656257d8e9&apos;
System info: os.name: &apos;Windows 11&apos;, os.arch: &apos;amd64&apos;, os.version: &apos;10.0&apos;, java.version: &apos;22.0.2&apos;
Driver info: org.openqa.selenium.chrome.ChromeDriver
Capabilities {acceptInsecureCerts: false, browserName: chrome, browserVersion: 139.0.7258.155, chrome: {chromedriverVersion: 139.0.7258.154 (9e0d6b2b47f..., userDataDir: C:\Users\Asus\AppData\Local...}, fedcm:accounts: true, goog:chromeOptions: {debuggerAddress: localhost:57778}, networkConnectionEnabled: false, pageLoadStrategy: normal, platformName: windows, proxy: Proxy(), se:cdp: ws://localhost:57778/devtoo..., se:cdpVersion: 139.0.7258.155, setWindowRect: true, strictFileInteractability: false, timeouts: {implicit: 0, pageLoad: 300000, script: 30000}, unhandledPromptBehavior: dismiss and notify, webauthn:extension:credBlob: true, webauthn:extension:largeBlob: true, webauthn:extension:minPinLength: true, webauthn:extension:prf: true, webauthn:virtualAuthenticators: true}
Session ID: 201609ea36980116b3f17b75394b6363
	at org.openqa.selenium.support.ui.WebDriverWait.timeoutException(WebDriverWait.java:84)
	at org.openqa.selenium.support.ui.FluentWait.until(FluentWait.java:228)
	at pages.AmazonHomePage.enterSearchText(AmazonHomePage.java:56)
	at stepDefinitions.SearchSteps.i_search_for_invalid(SearchSteps.java:219)
	at ✽.I search for &quot;Headphones&quot;(file:///C:/Users/Asus/Downloads/amazon-search-automation/amazon-search-automation/src/test/resources/features/search.feature:21)
</pre></div><a href='#' onClick='toggleBox("stack-trace609946583", this, "Click to show all stack frames", "Click to hide stack frames")'>Click to show all stack frames</a>
<div class='stack-trace' id='stack-trace609946583'><pre>org.openqa.selenium.TimeoutException: Expected condition failed: waiting for element to be clickable: By.id: twotabsearchtextbox (tried for 10 second(s) with 500 milliseconds interval)
Build info: version: &apos;4.23.1&apos;, revision: &apos;656257d8e9&apos;
System info: os.name: &apos;Windows 11&apos;, os.arch: &apos;amd64&apos;, os.version: &apos;10.0&apos;, java.version: &apos;22.0.2&apos;
Driver info: org.openqa.selenium.chrome.ChromeDriver
Capabilities {acceptInsecureCerts: false, browserName: chrome, browserVersion: 139.0.7258.155, chrome: {chromedriverVersion: 139.0.7258.154 (9e0d6b2b47f..., userDataDir: C:\Users\Asus\AppData\Local...}, fedcm:accounts: true, goog:chromeOptions: {debuggerAddress: localhost:57778}, networkConnectionEnabled: false, pageLoadStrategy: normal, platformName: windows, proxy: Proxy(), se:cdp: ws://localhost:57778/devtoo..., se:cdpVersion: 139.0.7258.155, setWindowRect: true, strictFileInteractability: false, timeouts: {implicit: 0, pageLoad: 300000, script: 30000}, unhandledPromptBehavior: dismiss and notify, webauthn:extension:credBlob: true, webauthn:extension:largeBlob: true, webauthn:extension:minPinLength: true, webauthn:extension:prf: true, webauthn:virtualAuthenticators: true}
Session ID: 201609ea36980116b3f17b75394b6363
	at org.openqa.selenium.support.ui.WebDriverWait.timeoutException(WebDriverWait.java:84)
	at org.openqa.selenium.support.ui.FluentWait.until(FluentWait.java:228)
	at pages.AmazonHomePage.enterSearchText(AmazonHomePage.java:56)
	at stepDefinitions.SearchSteps.i_search_for_invalid(SearchSteps.java:219)
	at ✽.I search for &quot;Headphones&quot;(file:///C:/Users/Asus/Downloads/amazon-search-automation/amazon-search-automation/src/test/resources/features/search.feature:21)
</pre></div></td>
<td>119</td>
<td>runners.CucumberTestRunner@150ab4ed</td></tr>
</table><p>
<table width='100%' border='1' class='invocation-passed'>
<tr><td colspan='4' align='center'><b>PASSED TESTS</b></td></tr>
<tr><td><b>Test method</b></td>
<td><b>Attribute(s)</b></td>
<td width="30%"><b>Exception</b></td>
<td width="10%"><b>Time (seconds)</b></td>
<td><b>Instance</b></td>
</tr>
<tr>
<td title='runners.CucumberTestRunner.runScenario()'><b>runScenario</b><br>Test class: runners.CucumberTestRunner<br>Test method: Runs Cucumber Scenarios<br>Parameters: "Invalid Login (Negative Flow)", "E-commerce Book Purchase Flow (Reduced)"</td>
<td></td>
<td>56</td>
<td>runners.CucumberTestRunner@150ab4ed</td></tr>
<tr>
<td title='runners.CucumberTestRunner.runScenario()'><b>runScenario</b><br>Test class: runners.CucumberTestRunner<br>Test method: Runs Cucumber Scenarios<br>Parameters: "Verify company logo is visible", "Amazon Home Page Validation"</td>
<td></td>
<td>10</td>
<td>runners.CucumberTestRunner@150ab4ed</td></tr>
<tr>
<td title='runners.CucumberTestRunner.runScenario()'><b>runScenario</b><br>Test class: runners.CucumberTestRunner<br>Test method: Runs Cucumber Scenarios<br>Parameters: "Register with blank details", "User Registration"</td>
<td></td>
<td>22</td>
<td>runners.CucumberTestRunner@150ab4ed</td></tr>
<tr>
<td title='runners.CucumberTestRunner.runScenario()'><b>runScenario</b><br>Test class: runners.CucumberTestRunner<br>Test method: Runs Cucumber Scenarios<br>Parameters: "Empty search should not navigate", "Amazon Product Search"</td>
<td></td>
<td>6</td>
<td>runners.CucumberTestRunner@150ab4ed</td></tr>
<tr>
<td title='runners.CucumberTestRunner.runScenario()'><b>runScenario</b><br>Test class: runners.CucumberTestRunner<br>Test method: Runs Cucumber Scenarios<br>Parameters: "Verify broken links", "Amazon Home Page Validation"</td>
<td></td>
<td>1</td>
<td>runners.CucumberTestRunner@150ab4ed</td></tr>
<tr>
<td title='runners.CucumberTestRunner.runScenario()'><b>runScenario</b><br>Test class: runners.CucumberTestRunner<br>Test method: Runs Cucumber Scenarios<br>Parameters: "Login with valid email and password", "Login Page Validation"</td>
<td></td>
<td>23</td>
<td>runners.CucumberTestRunner@150ab4ed</td></tr>
<tr>
<td title='runners.CucumberTestRunner.runScenario()'><b>runScenario</b><br>Test class: runners.CucumberTestRunner<br>Test method: Runs Cucumber Scenarios<br>Parameters: "Invalid search with no results", "Amazon Product Search"</td>
<td></td>
<td>7</td>
<td>runners.CucumberTestRunner@150ab4ed</td></tr>
<tr>
<td title='runners.CucumberTestRunner.runScenario()'><b>runScenario</b><br>Test class: runners.CucumberTestRunner<br>Test method: Runs Cucumber Scenarios<br>Parameters: "Verify session persistence while browsing", "Login Page Validation"</td>
<td></td>
<td>32</td>
<td>runners.CucumberTestRunner@150ab4ed</td></tr>
<tr>
<td title='runners.CucumberTestRunner.runScenario()'><b>runScenario</b><br>Test class: runners.CucumberTestRunner<br>Test method: Runs Cucumber Scenarios<br>Parameters: "Login with blank fields", "Login Page Validation"</td>
<td></td>
<td>27</td>
<td>runners.CucumberTestRunner@150ab4ed</td></tr>
<tr>
<td title='runners.CucumberTestRunner.runScenario()'><b>runScenario</b><br>Test class: runners.CucumberTestRunner<br>Test method: Runs Cucumber Scenarios<br>Parameters: "Login with invalid email and password", "Login Page Validation"</td>
<td></td>
<td>24</td>
<td>runners.CucumberTestRunner@150ab4ed</td></tr>
<tr>
<td title='runners.CucumberTestRunner.runScenario()'><b>runScenario</b><br>Test class: runners.CucumberTestRunner<br>Test method: Runs Cucumber Scenarios<br>Parameters: "Valid search using search button", "Amazon Product Search"</td>
<td></td>
<td>7</td>
<td>runners.CucumberTestRunner@150ab4ed</td></tr>
<tr>
<td title='runners.CucumberTestRunner.runScenario()'><b>runScenario</b><br>Test class: runners.CucumberTestRunner<br>Test method: Runs Cucumber Scenarios<br>Parameters: "Verify broken images", "Amazon Home Page Validation"</td>
<td></td>
<td>0</td>
<td>runners.CucumberTestRunner@150ab4ed</td></tr>
<tr>
<td title='runners.CucumberTestRunner.runScenario()'><b>runScenario</b><br>Test class: runners.CucumberTestRunner<br>Test method: Runs Cucumber Scenarios<br>Parameters: "Verify product images and banners load correctly", "Amazon Home Page Validation"</td>
<td></td>
<td>3</td>
<td>runners.CucumberTestRunner@150ab4ed</td></tr>
</table><p>
</body>
</html>