<?xml version="1.0" encoding="UTF-8"?>
<!-- Generated by org.testng.reporters.JUnitReportReporter -->
<testsuite hostname="Anand" failures="0" tests="14" name="runners.CucumberTestRunner" time="343.412" errors="1" timestamp="2025-09-07T13:35:03 IST" skipped="0">
  <testcase classname="runners.CucumberTestRunner" name="runScenario" time="56.304"/>
  <testcase classname="runners.CucumberTestRunner" name="runScenario" time="10.209"/>
  <testcase classname="runners.CucumberTestRunner" name="runScenario" time="22.548"/>
  <testcase classname="runners.CucumberTestRunner" name="runScenario" time="6.289"/>
  <testcase classname="runners.CucumberTestRunner" name="runScenario" time="1.883"/>
  <testcase classname="runners.CucumberTestRunner" name="runScenario" time="119.118">
    <error message="Expected condition failed: waiting for element to be clickable: By.id: twotabsearchtextbox (tried for 10 second(s) with 500 milliseconds interval)
Build info: version: &#039;4.23.1&#039;, revision: &#039;656257d8e9&#039;
System info: os.name: &#039;Windows 11&#039;, os.arch: &#039;amd64&#039;, os.version: &#039;10.0&#039;, java.version: &#039;22.0.2&#039;
Driver info: org.openqa.selenium.chrome.ChromeDriver
Capabilities {acceptInsecureCerts: false, browserName: chrome, browserVersion: 139.0.7258.155, chrome: {chromedriverVersion: 139.0.7258.154 (9e0d6b2b47f..., userDataDir: C:\Users\Asus\AppData\Local...}, fedcm:accounts: true, goog:chromeOptions: {debuggerAddress: localhost:57778}, networkConnectionEnabled: false, pageLoadStrategy: normal, platformName: windows, proxy: Proxy(), se:cdp: ws://localhost:57778/devtoo..., se:cdpVersion: 139.0.7258.155, setWindowRect: true, strictFileInteractability: false, timeouts: {implicit: 0, pageLoad: 300000, script: 30000}, unhandledPromptBehavior: dismiss and notify, webauthn:extension:credBlob: true, webauthn:extension:largeBlob: true, webauthn:extension:minPinLength: true, webauthn:extension:prf: true, webauthn:virtualAuthenticators: true}
Session ID: 201609ea36980116b3f17b75394b6363" type="org.openqa.selenium.TimeoutException">
      <![CDATA[org.openqa.selenium.TimeoutException: Expected condition failed: waiting for element to be clickable: By.id: twotabsearchtextbox (tried for 10 second(s) with 500 milliseconds interval)
Build info: version: '4.23.1', revision: '656257d8e9'
System info: os.name: 'Windows 11', os.arch: 'amd64', os.version: '10.0', java.version: '22.0.2'
Driver info: org.openqa.selenium.chrome.ChromeDriver
Capabilities {acceptInsecureCerts: false, browserName: chrome, browserVersion: 139.0.7258.155, chrome: {chromedriverVersion: 139.0.7258.154 (9e0d6b2b47f..., userDataDir: C:\Users\Asus\AppData\Local...}, fedcm:accounts: true, goog:chromeOptions: {debuggerAddress: localhost:57778}, networkConnectionEnabled: false, pageLoadStrategy: normal, platformName: windows, proxy: Proxy(), se:cdp: ws://localhost:57778/devtoo..., se:cdpVersion: 139.0.7258.155, setWindowRect: true, strictFileInteractability: false, timeouts: {implicit: 0, pageLoad: 300000, script: 30000}, unhandledPromptBehavior: dismiss and notify, webauthn:extension:credBlob: true, webauthn:extension:largeBlob: true, webauthn:extension:minPinLength: true, webauthn:extension:prf: true, webauthn:virtualAuthenticators: true}
Session ID: 201609ea36980116b3f17b75394b6363
at org.openqa.selenium.support.ui.WebDriverWait.timeoutException(WebDriverWait.java:84)
at org.openqa.selenium.support.ui.FluentWait.until(FluentWait.java:228)
at pages.AmazonHomePage.enterSearchText(AmazonHomePage.java:56)
at stepDefinitions.SearchSteps.i_search_for_invalid(SearchSteps.java:219)
at âœ½.I search for "Headphones"(file:///C:/Users/Asus/Downloads/amazon-search-automation/amazon-search-automation/src/test/resources/features/search.feature:21)
]]>
    </error>
  </testcase> <!-- runScenario -->
  <testcase classname="runners.CucumberTestRunner" name="runScenario" time="23.203"/>
  <testcase classname="runners.CucumberTestRunner" name="runScenario" time="7.047"/>
  <testcase classname="runners.CucumberTestRunner" name="runScenario" time="32.885"/>
  <testcase classname="runners.CucumberTestRunner" name="runScenario" time="27.403"/>
  <testcase classname="runners.CucumberTestRunner" name="runScenario" time="24.240"/>
  <testcase classname="runners.CucumberTestRunner" name="runScenario" time="7.942"/>
  <testcase classname="runners.CucumberTestRunner" name="runScenario" time="0.956"/>
  <testcase classname="runners.CucumberTestRunner" name="runScenario" time="3.385"/>
</testsuite> <!-- runners.CucumberTestRunner -->
