<?xml version="1.0" encoding="UTF-8"?>
<!-- Generated by org.testng.reporters.JUnitReportReporter -->
<testsuite hostname="DESKTOP-UMN6L1B" failures="1" tests="8" name="runners.CucumberTestRunner" time="277.023" errors="0" timestamp="2025-09-05T23:40:20 IST" skipped="0">
  <testcase classname="runners.CucumberTestRunner" name="runScenario" time="23.451"/>
  <testcase classname="runners.CucumberTestRunner" name="runScenario" time="26.299"/>
  <testcase classname="runners.CucumberTestRunner" name="runScenario" time="63.715">
    <failure message="Add to cart button not found on PDP." type="java.lang.AssertionError">
      <![CDATA[java.lang.AssertionError: Add to cart button not found on PDP.
at org.testng.Assert.fail(Assert.java:111)
at stepDefinitions.BookPurchaseSteps.i_add_the_book_to_cart(BookPurchaseSteps.java:116)
at âœ½.I add the book to cart(file:///D:/maven%20practice/AmazonSearchAutomation/amazon-search-automation/src/test/resources/features/Flow.feature:9)
]]>
    </failure>
  </testcase> <!-- runScenario -->
  <testcase classname="runners.CucumberTestRunner" name="runScenario" time="19.541"/>
  <testcase classname="runners.CucumberTestRunner" name="runScenario" time="19.229"/>
  <testcase classname="runners.CucumberTestRunner" name="runScenario" time="29.140"/>
  <testcase classname="runners.CucumberTestRunner" name="runScenario" time="40.853"/>
  <testcase classname="runners.CucumberTestRunner" name="runScenario" time="54.795"/>
</testsuite> <!-- runners.CucumberTestRunner -->
